app/build/intermediates/manifest_merge_blame_file/debug/processDebugMainManifest/manifest-merger-blame-debug-report.txt
1<?xml version="1.0" encoding="utf-8"?>
2<!-- AndroidManifest.xml -->
3<manifest xmlns:android="http://schemas.android.com/apk/res/android"
4    package="com.selae.signage.debug"
5    android:versionCode="1"
6    android:versionName="1.0.0" >
7
8    <uses-sdk
8-->INJECTED
9        android:minSdkVersion="23"
9-->INJECTED
10        android:targetSdkVersion="34" />
10-->INJECTED
11
12    <!--
13         ================================================
14         PERMISOS NECESARIOS
15         ================================================
16    -->
17    <!-- Acceso a internet para obtener datos del webservice -->
18    <uses-permission android:name="android.permission.INTERNET" />
18-->src\main\AndroidManifest.xml:9:5-67
18-->src\main\AndroidManifest.xml:9:22-64
19    <uses-permission android:name="android.permission.ACCESS_NETWORK_STATE" />
19-->src\main\AndroidManifest.xml:10:5-79
19-->src\main\AndroidManifest.xml:10:22-76
20
21    <!-- Arranque automático al encender el dispositivo -->
22    <uses-permission android:name="android.permission.RECEIVE_BOOT_COMPLETED" />
22-->src\main\AndroidManifest.xml:13:5-81
22-->src\main\AndroidManifest.xml:13:22-78
23
24    <!-- Mantener CPU activa durante el refresco de datos -->
25    <uses-permission android:name="android.permission.WAKE_LOCK" />
25-->src\main\AndroidManifest.xml:16:5-68
25-->src\main\AndroidManifest.xml:16:22-65
26
27    <!-- Declarar que es una app de TV (requerido para Android TV) -->
28    <uses-feature
28-->src\main\AndroidManifest.xml:19:5-21:36
29        android:name="android.hardware.touchscreen"
29-->src\main\AndroidManifest.xml:20:9-52
30        android:required="false" />
30-->src\main\AndroidManifest.xml:21:9-33
31    <uses-feature
31-->src\main\AndroidManifest.xml:22:5-24:35
32        android:name="android.software.leanback"
32-->src\main\AndroidManifest.xml:23:9-49
33        android:required="true" />
33-->src\main\AndroidManifest.xml:24:9-32
34
35    <permission
35-->[androidx.core:core:1.12.0] AndroidManifest.xml:22:5-24:47
36        android:name="com.selae.signage.debug.DYNAMIC_RECEIVER_NOT_EXPORTED_PERMISSION"
36-->[androidx.core:core:1.12.0] AndroidManifest.xml:23:9-81
37        android:protectionLevel="signature" />
37-->[androidx.core:core:1.12.0] AndroidManifest.xml:24:9-44
38
39    <uses-permission android:name="com.selae.signage.debug.DYNAMIC_RECEIVER_NOT_EXPORTED_PERMISSION" />
39-->[androidx.core:core:1.12.0] AndroidManifest.xml:26:5-97
39-->[androidx.core:core:1.12.0] AndroidManifest.xml:26:22-94
40
41    <application
41-->src\main\AndroidManifest.xml:26:5-76:19
42        android:name="com.selae.signage.SelaeApplication"
42-->src\main\AndroidManifest.xml:27:9-41
43        android:allowBackup="false"
43-->src\main\AndroidManifest.xml:28:9-36
44        android:appComponentFactory="androidx.core.app.CoreComponentFactory"
44-->[androidx.core:core:1.12.0] AndroidManifest.xml:28:18-86
45        android:debuggable="true"
46        android:extractNativeLibs="false"
46-->INJECTED
47        android:icon="@mipmap/ic_launcher"
47-->src\main\AndroidManifest.xml:29:9-43
48        android:label="@string/app_name"
48-->src\main\AndroidManifest.xml:30:9-41
49        android:networkSecurityConfig="@xml/network_security_config"
49-->src\main\AndroidManifest.xml:33:9-69
50        android:testOnly="true"
51        android:theme="@style/Theme.SelaeSignage"
51-->src\main\AndroidManifest.xml:31:9-50
52        android:usesCleartextTraffic="true" >
52-->src\main\AndroidManifest.xml:32:9-44
53
54        <!--
55             ================================================
56             ACTIVIDAD PRINCIPAL — pantalla de señalización
57             ================================================
58        -->
59        <activity
59-->src\main\AndroidManifest.xml:38:9-57:20
60            android:name="com.selae.signage.ui.MainActivity"
60-->src\main\AndroidManifest.xml:39:13-44
61            android:configChanges="keyboard|keyboardHidden|navigation|orientation|screenLayout|screenSize|smallestScreenSize"
61-->src\main\AndroidManifest.xml:40:13-126
62            android:exported="true"
62-->src\main\AndroidManifest.xml:41:13-36
63            android:immersive="true"
63-->src\main\AndroidManifest.xml:42:13-37
64            android:launchMode="singleInstance"
64-->src\main\AndroidManifest.xml:43:13-48
65            android:screenOrientation="landscape" >
65-->src\main\AndroidManifest.xml:44:13-50
66
67            <!-- Intent filter para launcher de TV -->
68            <intent-filter>
68-->src\main\AndroidManifest.xml:47:13-50:29
69                <action android:name="android.intent.action.MAIN" />
69-->src\main\AndroidManifest.xml:48:17-69
69-->src\main\AndroidManifest.xml:48:25-66
70
71                <category android:name="android.intent.category.LEANBACK_LAUNCHER" />
71-->src\main\AndroidManifest.xml:49:17-86
71-->src\main\AndroidManifest.xml:49:27-83
72            </intent-filter>
73
74            <!-- Intent filter estándar por si también se instala en no-TV -->
75            <intent-filter>
75-->src\main\AndroidManifest.xml:53:13-56:29
76                <action android:name="android.intent.action.MAIN" />
76-->src\main\AndroidManifest.xml:48:17-69
76-->src\main\AndroidManifest.xml:48:25-66
77
78                <category android:name="android.intent.category.LAUNCHER" />
78-->src\main\AndroidManifest.xml:55:17-77
78-->src\main\AndroidManifest.xml:55:27-74
79            </intent-filter>
80        </activity>
81
82        <!--
83             ================================================
84             RECEIVER DE ARRANQUE AUTOMÁTICO
85             ================================================
86        -->
87        <receiver
87-->src\main\AndroidManifest.xml:62:9-74:20
88            android:name="com.selae.signage.receiver.BootReceiver"
88-->src\main\AndroidManifest.xml:63:13-50
89            android:enabled="true"
89-->src\main\AndroidManifest.xml:65:13-35
90            android:exported="true" >
90-->src\main\AndroidManifest.xml:64:13-36
91            <intent-filter android:priority="1000" >
91-->src\main\AndroidManifest.xml:66:13-73:29
91-->src\main\AndroidManifest.xml:66:28-51
92
93                <!-- Se lanza al arrancar el sistema -->
94                <action android:name="android.intent.action.BOOT_COMPLETED" />
94-->src\main\AndroidManifest.xml:68:17-79
94-->src\main\AndroidManifest.xml:68:25-76
95                <!-- Algunos fabricantes usan este intent adicional -->
96                <action android:name="android.intent.action.QUICKBOOT_POWERON" />
96-->src\main\AndroidManifest.xml:70:17-82
96-->src\main\AndroidManifest.xml:70:25-79
97                <action android:name="com.htc.intent.action.QUICKBOOT_POWERON" />
97-->src\main\AndroidManifest.xml:71:17-82
97-->src\main\AndroidManifest.xml:71:25-79
98
99                <category android:name="android.intent.category.DEFAULT" />
99-->src\main\AndroidManifest.xml:72:17-76
99-->src\main\AndroidManifest.xml:72:27-73
100            </intent-filter>
101        </receiver>
102
103        <provider
103-->[androidx.emoji2:emoji2:1.2.0] AndroidManifest.xml:24:9-32:20
104            android:name="androidx.startup.InitializationProvider"
104-->[androidx.emoji2:emoji2:1.2.0] AndroidManifest.xml:25:13-67
105            android:authorities="com.selae.signage.debug.androidx-startup"
105-->[androidx.emoji2:emoji2:1.2.0] AndroidManifest.xml:26:13-68
106            android:exported="false" >
106-->[androidx.emoji2:emoji2:1.2.0] AndroidManifest.xml:27:13-37
107            <meta-data
107-->[androidx.emoji2:emoji2:1.2.0] AndroidManifest.xml:29:13-31:52
108                android:name="androidx.emoji2.text.EmojiCompatInitializer"
108-->[androidx.emoji2:emoji2:1.2.0] AndroidManifest.xml:30:17-75
109                android:value="androidx.startup" />
109-->[androidx.emoji2:emoji2:1.2.0] AndroidManifest.xml:31:17-49
110            <meta-data
110-->[androidx.lifecycle:lifecycle-process:2.7.0] AndroidManifest.xml:29:13-31:52
111                android:name="androidx.lifecycle.ProcessLifecycleInitializer"
111-->[androidx.lifecycle:lifecycle-process:2.7.0] AndroidManifest.xml:30:17-78
112                android:value="androidx.startup" />
112-->[androidx.lifecycle:lifecycle-process:2.7.0] AndroidManifest.xml:31:17-49
113            <meta-data
113-->[androidx.profileinstaller:profileinstaller:1.3.0] AndroidManifest.xml:29:13-31:52
114                android:name="androidx.profileinstaller.ProfileInstallerInitializer"
114-->[androidx.profileinstaller:profileinstaller:1.3.0] AndroidManifest.xml:30:17-85
115                android:value="androidx.startup" />
115-->[androidx.profileinstaller:profileinstaller:1.3.0] AndroidManifest.xml:31:17-49
116        </provider>
117
118        <receiver
118-->[androidx.profileinstaller:profileinstaller:1.3.0] AndroidManifest.xml:34:9-52:20
119            android:name="androidx.profileinstaller.ProfileInstallReceiver"
119-->[androidx.profileinstaller:profileinstaller:1.3.0] AndroidManifest.xml:35:13-76
120            android:directBootAware="false"
120-->[androidx.profileinstaller:profileinstaller:1.3.0] AndroidManifest.xml:36:13-44
121            android:enabled="true"
121-->[androidx.profileinstaller:profileinstaller:1.3.0] AndroidManifest.xml:37:13-35
122            android:exported="true"
122-->[androidx.profileinstaller:profileinstaller:1.3.0] AndroidManifest.xml:38:13-36
123            android:permission="android.permission.DUMP" >
123-->[androidx.profileinstaller:profileinstaller:1.3.0] AndroidManifest.xml:39:13-57
124            <intent-filter>
124-->[androidx.profileinstaller:profileinstaller:1.3.0] AndroidManifest.xml:40:13-42:29
125                <action android:name="androidx.profileinstaller.action.INSTALL_PROFILE" />
125-->[androidx.profileinstaller:profileinstaller:1.3.0] AndroidManifest.xml:41:17-91
125-->[androidx.profileinstaller:profileinstaller:1.3.0] AndroidManifest.xml:41:25-88
126            </intent-filter>
127            <intent-filter>
127-->[androidx.profileinstaller:profileinstaller:1.3.0] AndroidManifest.xml:43:13-45:29
128                <action android:name="androidx.profileinstaller.action.SKIP_FILE" />
128-->[androidx.profileinstaller:profileinstaller:1.3.0] AndroidManifest.xml:44:17-85
128-->[androidx.profileinstaller:profileinstaller:1.3.0] AndroidManifest.xml:44:25-82
129            </intent-filter>
130            <intent-filter>
130-->[androidx.profileinstaller:profileinstaller:1.3.0] AndroidManifest.xml:46:13-48:29
131                <action android:name="androidx.profileinstaller.action.SAVE_PROFILE" />
131-->[androidx.profileinstaller:profileinstaller:1.3.0] AndroidManifest.xml:47:17-88
131-->[androidx.profileinstaller:profileinstaller:1.3.0] AndroidManifest.xml:47:25-85
132            </intent-filter>
133            <intent-filter>
133-->[androidx.profileinstaller:profileinstaller:1.3.0] AndroidManifest.xml:49:13-51:29
134                <action android:name="androidx.profileinstaller.action.BENCHMARK_OPERATION" />
134-->[androidx.profileinstaller:profileinstaller:1.3.0] AndroidManifest.xml:50:17-95
134-->[androidx.profileinstaller:profileinstaller:1.3.0] AndroidManifest.xml:50:25-92
135            </intent-filter>
136        </receiver>
137    </application>
138
139</manifest>